<?xml version="1.0" encoding="UTF-8"?>
<testng-results ignored="0" total="4" passed="4" failed="0" skipped="0">
  <reporter-output>
  </reporter-output>
  <suite started-at="2023-06-13T13:37:25 IST" name="Default suite" finished-at="2023-06-13T13:37:25 IST" duration-ms="155">
    <groups>
    </groups>
    <test started-at="2023-06-13T13:37:25 IST" name="Default test" finished-at="2023-06-13T13:37:25 IST" duration-ms="155">
      <class name="testngKeywords.Depends">
        <test-method signature="login()[pri:1, instance:testngKeywords.Depends@2794eab6]" started-at="2023-06-13T13:37:25 IST" name="login" finished-at="2023-06-13T13:37:25 IST" duration-ms="16" status="PASS">
          <reporter-output>
          </reporter-output>
        </test-method> <!-- login -->
        <test-method signature="homepage()[pri:2, instance:testngKeywords.Depends@2794eab6]" started-at="2023-06-13T13:37:25 IST" name="homepage" finished-at="2023-06-13T13:37:25 IST" depends-on-methods="testngKeywords.Depends.login" duration-ms="4" status="PASS">
          <reporter-output>
          </reporter-output>
        </test-method> <!-- homepage -->
        <test-method signature="profile()[pri:3, instance:testngKeywords.Depends@2794eab6]" started-at="2023-06-13T13:37:25 IST" name="profile" finished-at="2023-06-13T13:37:25 IST" duration-ms="3" status="PASS">
          <reporter-output>
          </reporter-output>
        </test-method> <!-- profile -->
        <test-method signature="logout()[pri:4, instance:testngKeywords.Depends@2794eab6]" started-at="2023-06-13T13:37:25 IST" name="logout" finished-at="2023-06-13T13:37:25 IST" depends-on-methods="testngKeywords.Depends.profile" duration-ms="8" status="PASS">
          <reporter-output>
          </reporter-output>
        </test-method> <!-- logout -->
      </class> <!-- testngKeywords.Depends -->
    </test> <!-- Default test -->
  </suite> <!-- Default suite -->
</testng-results>
